{
  "C:\\Users\\Christian\\Documents\\Studium\\ProgrammierProjekt\\Programmierprojekt\\src\\App.vue": {
    "path": "C:\\Users\\Christian\\Documents\\Studium\\ProgrammierProjekt\\Programmierprojekt\\src\\App.vue",
    "all": true,
    "statementMap": {
      "1": {
        "start": { "line": 2, "column": 0 },
        "end": { "line": 2, "column": 21 }
      },
      "2": {
        "start": { "line": 3, "column": 0 },
        "end": { "line": 3, "column": 24 }
      },
      "3": {
        "start": { "line": 4, "column": 0 },
        "end": { "line": 4, "column": 29 }
      },
      "4": {
        "start": { "line": 5, "column": 0 },
        "end": { "line": 5, "column": 68 }
      },
      "5": {
        "start": { "line": 6, "column": 0 },
        "end": { "line": 6, "column": 41 }
      },
      "6": {
        "start": { "line": 7, "column": 0 },
        "end": { "line": 7, "column": 14 }
      },
      "7": {
        "start": { "line": 8, "column": 0 },
        "end": { "line": 8, "column": 27 }
      },
      "8": {
        "start": { "line": 9, "column": 0 },
        "end": { "line": 9, "column": 31 }
      },
      "9": {
        "start": { "line": 10, "column": 0 },
        "end": { "line": 10, "column": 30 }
      },
      "10": {
        "start": { "line": 11, "column": 0 },
        "end": { "line": 11, "column": 29 }
      },
      "12": {
        "start": { "line": 13, "column": 0 },
        "end": { "line": 13, "column": 76 }
      },
      "13": {
        "start": { "line": 14, "column": 0 },
        "end": { "line": 14, "column": 58 }
      },
      "14": {
        "start": { "line": 15, "column": 0 },
        "end": { "line": 15, "column": 16 }
      },
      "15": {
        "start": { "line": 16, "column": 0 },
        "end": { "line": 16, "column": 36 }
      },
      "16": {
        "start": { "line": 17, "column": 0 },
        "end": { "line": 17, "column": 14 }
      },
      "17": {
        "start": { "line": 18, "column": 0 },
        "end": { "line": 18, "column": 33 }
      },
      "18": {
        "start": { "line": 19, "column": 0 },
        "end": { "line": 19, "column": 35 }
      },
      "19": {
        "start": { "line": 20, "column": 0 },
        "end": { "line": 20, "column": 42 }
      },
      "20": {
        "start": { "line": 21, "column": 0 },
        "end": { "line": 21, "column": 19 }
      },
      "21": {
        "start": { "line": 22, "column": 0 },
        "end": { "line": 22, "column": 44 }
      },
      "22": {
        "start": { "line": 23, "column": 0 },
        "end": { "line": 23, "column": 39 }
      },
      "23": {
        "start": { "line": 24, "column": 0 },
        "end": { "line": 24, "column": 37 }
      },
      "25": {
        "start": { "line": 26, "column": 0 },
        "end": { "line": 26, "column": 71 }
      },
      "26": {
        "start": { "line": 27, "column": 0 },
        "end": { "line": 27, "column": 21 }
      },
      "27": {
        "start": { "line": 28, "column": 0 },
        "end": { "line": 28, "column": 139 }
      },
      "28": {
        "start": { "line": 29, "column": 0 },
        "end": { "line": 29, "column": 37 }
      },
      "29": {
        "start": { "line": 30, "column": 0 },
        "end": { "line": 30, "column": 18 }
      },
      "30": {
        "start": { "line": 31, "column": 0 },
        "end": { "line": 31, "column": 20 }
      },
      "32": {
        "start": { "line": 33, "column": 0 },
        "end": { "line": 33, "column": 21 }
      },
      "34": {
        "start": { "line": 35, "column": 0 },
        "end": { "line": 35, "column": 19 }
      },
      "35": {
        "start": { "line": 36, "column": 0 },
        "end": { "line": 36, "column": 31 }
      },
      "36": {
        "start": { "line": 37, "column": 0 },
        "end": { "line": 37, "column": 46 }
      },
      "37": {
        "start": { "line": 38, "column": 0 },
        "end": { "line": 38, "column": 36 }
      },
      "38": {
        "start": { "line": 39, "column": 0 },
        "end": { "line": 39, "column": 41 }
      },
      "40": {
        "start": { "line": 41, "column": 0 },
        "end": { "line": 41, "column": 71 }
      },
      "41": {
        "start": { "line": 42, "column": 0 },
        "end": { "line": 42, "column": 62 }
      },
      "42": {
        "start": { "line": 43, "column": 0 },
        "end": { "line": 43, "column": 20 }
      },
      "44": {
        "start": { "line": 45, "column": 0 },
        "end": { "line": 45, "column": 21 }
      },
      "46": {
        "start": { "line": 47, "column": 0 },
        "end": { "line": 47, "column": 19 }
      },
      "47": {
        "start": { "line": 48, "column": 0 },
        "end": { "line": 48, "column": 35 }
      },
      "48": {
        "start": { "line": 49, "column": 0 },
        "end": { "line": 49, "column": 58 }
      },
      "49": {
        "start": { "line": 50, "column": 0 },
        "end": { "line": 50, "column": 45 }
      },
      "50": {
        "start": { "line": 51, "column": 0 },
        "end": { "line": 51, "column": 42 }
      },
      "52": {
        "start": { "line": 53, "column": 0 },
        "end": { "line": 53, "column": 71 }
      },
      "53": {
        "start": { "line": 54, "column": 0 },
        "end": { "line": 54, "column": 21 }
      },
      "54": {
        "start": { "line": 55, "column": 0 },
        "end": { "line": 55, "column": 231 }
      },
      "55": {
        "start": { "line": 56, "column": 0 },
        "end": { "line": 56, "column": 37 }
      },
      "56": {
        "start": { "line": 57, "column": 0 },
        "end": { "line": 57, "column": 18 }
      },
      "57": {
        "start": { "line": 58, "column": 0 },
        "end": { "line": 58, "column": 20 }
      },
      "59": {
        "start": { "line": 60, "column": 0 },
        "end": { "line": 60, "column": 21 }
      },
      "60": {
        "start": { "line": 61, "column": 0 },
        "end": { "line": 61, "column": 16 }
      },
      "62": {
        "start": { "line": 63, "column": 0 },
        "end": { "line": 63, "column": 33 }
      },
      "63": {
        "start": { "line": 64, "column": 0 },
        "end": { "line": 64, "column": 41 }
      },
      "64": {
        "start": { "line": 65, "column": 0 },
        "end": { "line": 65, "column": 55 }
      },
      "65": {
        "start": { "line": 66, "column": 0 },
        "end": { "line": 66, "column": 19 }
      },
      "66": {
        "start": { "line": 67, "column": 0 },
        "end": { "line": 67, "column": 44 }
      },
      "67": {
        "start": { "line": 68, "column": 0 },
        "end": { "line": 68, "column": 27 }
      },
      "68": {
        "start": { "line": 69, "column": 0 },
        "end": { "line": 69, "column": 37 }
      },
      "69": {
        "start": { "line": 70, "column": 0 },
        "end": { "line": 70, "column": 61 }
      },
      "70": {
        "start": { "line": 71, "column": 0 },
        "end": { "line": 71, "column": 88 }
      },
      "71": {
        "start": { "line": 72, "column": 0 },
        "end": { "line": 72, "column": 31 }
      },
      "73": {
        "start": { "line": 74, "column": 0 },
        "end": { "line": 74, "column": 71 }
      },
      "74": {
        "start": { "line": 75, "column": 0 },
        "end": { "line": 75, "column": 21 }
      },
      "75": {
        "start": { "line": 76, "column": 0 },
        "end": { "line": 76, "column": 90 }
      },
      "76": {
        "start": { "line": 77, "column": 0 },
        "end": { "line": 77, "column": 37 }
      },
      "77": {
        "start": { "line": 78, "column": 0 },
        "end": { "line": 78, "column": 18 }
      },
      "78": {
        "start": { "line": 79, "column": 0 },
        "end": { "line": 79, "column": 20 }
      },
      "80": {
        "start": { "line": 81, "column": 0 },
        "end": { "line": 81, "column": 21 }
      },
      "82": {
        "start": { "line": 83, "column": 0 },
        "end": { "line": 83, "column": 35 }
      },
      "83": {
        "start": { "line": 84, "column": 0 },
        "end": { "line": 84, "column": 19 }
      },
      "84": {
        "start": { "line": 85, "column": 0 },
        "end": { "line": 85, "column": 34 }
      },
      "85": {
        "start": { "line": 86, "column": 0 },
        "end": { "line": 86, "column": 65 }
      },
      "86": {
        "start": { "line": 87, "column": 0 },
        "end": { "line": 87, "column": 27 }
      },
      "87": {
        "start": { "line": 88, "column": 0 },
        "end": { "line": 88, "column": 61 }
      },
      "88": {
        "start": { "line": 89, "column": 0 },
        "end": { "line": 89, "column": 34 }
      },
      "89": {
        "start": { "line": 90, "column": 0 },
        "end": { "line": 90, "column": 41 }
      },
      "91": {
        "start": { "line": 92, "column": 0 },
        "end": { "line": 92, "column": 61 }
      },
      "92": {
        "start": { "line": 93, "column": 0 },
        "end": { "line": 93, "column": 21 }
      },
      "93": {
        "start": { "line": 94, "column": 0 },
        "end": { "line": 94, "column": 16 }
      },
      "94": {
        "start": { "line": 95, "column": 0 },
        "end": { "line": 95, "column": 14 }
      },
      "95": {
        "start": { "line": 96, "column": 0 },
        "end": { "line": 96, "column": 12 }
      },
      "96": {
        "start": { "line": 97, "column": 0 },
        "end": { "line": 97, "column": 13 }
      },
      "98": {
        "start": { "line": 99, "column": 0 },
        "end": { "line": 99, "column": 23 }
      },
      "99": {
        "start": { "line": 100, "column": 0 },
        "end": { "line": 100, "column": 29 }
      },
      "100": {
        "start": { "line": 101, "column": 0 },
        "end": { "line": 101, "column": 30 }
      },
      "101": {
        "start": { "line": 102, "column": 0 },
        "end": { "line": 102, "column": 30 }
      },
      "102": {
        "start": { "line": 103, "column": 0 },
        "end": { "line": 103, "column": 21 }
      },
      "103": {
        "start": { "line": 104, "column": 0 },
        "end": { "line": 104, "column": 28 }
      },
      "104": {
        "start": { "line": 105, "column": 0 },
        "end": { "line": 105, "column": 26 }
      },
      "105": {
        "start": { "line": 106, "column": 0 },
        "end": { "line": 106, "column": 32 }
      },
      "106": {
        "start": { "line": 107, "column": 0 },
        "end": { "line": 107, "column": 29 }
      },
      "108": {
        "start": { "line": 109, "column": 0 },
        "end": { "line": 109, "column": 33 }
      },
      "109": {
        "start": { "line": 110, "column": 0 },
        "end": { "line": 110, "column": 27 }
      },
      "110": {
        "start": { "line": 111, "column": 0 },
        "end": { "line": 111, "column": 34 }
      },
      "111": {
        "start": { "line": 112, "column": 0 },
        "end": { "line": 112, "column": 32 }
      },
      "112": {
        "start": { "line": 113, "column": 0 },
        "end": { "line": 113, "column": 40 }
      },
      "113": {
        "start": { "line": 114, "column": 0 },
        "end": { "line": 114, "column": 18 }
      },
      "115": {
        "start": { "line": 116, "column": 0 },
        "end": { "line": 116, "column": 23 }
      },
      "116": {
        "start": { "line": 117, "column": 0 },
        "end": { "line": 117, "column": 16 }
      },
      "118": {
        "start": { "line": 119, "column": 0 },
        "end": { "line": 119, "column": 77 }
      },
      "119": {
        "start": { "line": 120, "column": 0 },
        "end": { "line": 120, "column": 16 }
      },
      "121": {
        "start": { "line": 122, "column": 0 },
        "end": { "line": 122, "column": 26 }
      },
      "122": {
        "start": { "line": 123, "column": 0 },
        "end": { "line": 123, "column": 262 }
      },
      "123": {
        "start": { "line": 124, "column": 0 },
        "end": { "line": 124, "column": 16 }
      },
      "124": {
        "start": { "line": 125, "column": 0 },
        "end": { "line": 125, "column": 17 }
      },
      "126": {
        "start": { "line": 127, "column": 0 },
        "end": { "line": 127, "column": 36 }
      },
      "127": {
        "start": { "line": 128, "column": 0 },
        "end": { "line": 128, "column": 28 }
      },
      "128": {
        "start": { "line": 129, "column": 0 },
        "end": { "line": 129, "column": 38 }
      },
      "129": {
        "start": { "line": 130, "column": 0 },
        "end": { "line": 130, "column": 24 }
      },
      "130": {
        "start": { "line": 131, "column": 0 },
        "end": { "line": 131, "column": 67 }
      },
      "131": {
        "start": { "line": 132, "column": 0 },
        "end": { "line": 132, "column": 45 }
      },
      "132": {
        "start": { "line": 133, "column": 0 },
        "end": { "line": 133, "column": 47 }
      },
      "133": {
        "start": { "line": 134, "column": 0 },
        "end": { "line": 134, "column": 41 }
      },
      "134": {
        "start": { "line": 135, "column": 0 },
        "end": { "line": 135, "column": 37 }
      },
      "135": {
        "start": { "line": 136, "column": 0 },
        "end": { "line": 136, "column": 39 }
      },
      "136": {
        "start": { "line": 137, "column": 0 },
        "end": { "line": 137, "column": 16 }
      },
      "137": {
        "start": { "line": 138, "column": 0 },
        "end": { "line": 138, "column": 18 }
      },
      "139": {
        "start": { "line": 140, "column": 0 },
        "end": { "line": 140, "column": 31 }
      },
      "140": {
        "start": { "line": 141, "column": 0 },
        "end": { "line": 141, "column": 54 }
      },
      "141": {
        "start": { "line": 142, "column": 0 },
        "end": { "line": 142, "column": 44 }
      },
      "142": {
        "start": { "line": 143, "column": 0 },
        "end": { "line": 143, "column": 18 }
      },
      "143": {
        "start": { "line": 144, "column": 0 },
        "end": { "line": 144, "column": 20 }
      },
      "145": {
        "start": { "line": 146, "column": 0 },
        "end": { "line": 146, "column": 43 }
      },
      "146": {
        "start": { "line": 147, "column": 0 },
        "end": { "line": 147, "column": 27 }
      },
      "147": {
        "start": { "line": 148, "column": 0 },
        "end": { "line": 148, "column": 32 }
      },
      "148": {
        "start": { "line": 149, "column": 0 },
        "end": { "line": 149, "column": 45 }
      },
      "149": {
        "start": { "line": 150, "column": 0 },
        "end": { "line": 150, "column": 36 }
      },
      "150": {
        "start": { "line": 151, "column": 0 },
        "end": { "line": 151, "column": 14 }
      },
      "151": {
        "start": { "line": 152, "column": 0 },
        "end": { "line": 152, "column": 16 }
      },
      "153": {
        "start": { "line": 154, "column": 0 },
        "end": { "line": 154, "column": 38 }
      },
      "154": {
        "start": { "line": 155, "column": 0 },
        "end": { "line": 155, "column": 29 }
      },
      "155": {
        "start": { "line": 156, "column": 0 },
        "end": { "line": 156, "column": 26 }
      },
      "156": {
        "start": { "line": 157, "column": 0 },
        "end": { "line": 157, "column": 32 }
      },
      "157": {
        "start": { "line": 158, "column": 0 },
        "end": { "line": 158, "column": 51 }
      },
      "158": {
        "start": { "line": 159, "column": 0 },
        "end": { "line": 159, "column": 41 }
      },
      "159": {
        "start": { "line": 160, "column": 0 },
        "end": { "line": 160, "column": 14 }
      },
      "160": {
        "start": { "line": 161, "column": 0 },
        "end": { "line": 161, "column": 16 }
      },
      "161": {
        "start": { "line": 162, "column": 0 },
        "end": { "line": 162, "column": 14 }
      },
      "163": {
        "start": { "line": 164, "column": 0 },
        "end": { "line": 164, "column": 31 }
      },
      "164": {
        "start": { "line": 165, "column": 0 },
        "end": { "line": 165, "column": 48 }
      },
      "165": {
        "start": { "line": 166, "column": 0 },
        "end": { "line": 166, "column": 16 }
      },
      "167": {
        "start": { "line": 168, "column": 0 },
        "end": { "line": 168, "column": 26 }
      },
      "168": {
        "start": { "line": 169, "column": 0 },
        "end": { "line": 169, "column": 281 }
      },
      "169": {
        "start": { "line": 170, "column": 0 },
        "end": { "line": 170, "column": 16 }
      },
      "170": {
        "start": { "line": 171, "column": 0 },
        "end": { "line": 171, "column": 17 }
      },
      "171": {
        "start": { "line": 172, "column": 0 },
        "end": { "line": 172, "column": 22 }
      },
      "172": {
        "start": { "line": 173, "column": 0 },
        "end": { "line": 173, "column": 29 }
      },
      "173": {
        "start": { "line": 174, "column": 0 },
        "end": { "line": 174, "column": 35 }
      },
      "174": {
        "start": { "line": 175, "column": 0 },
        "end": { "line": 175, "column": 35 }
      },
      "175": {
        "start": { "line": 176, "column": 0 },
        "end": { "line": 176, "column": 35 }
      },
      "176": {
        "start": { "line": 177, "column": 0 },
        "end": { "line": 177, "column": 37 }
      },
      "177": {
        "start": { "line": 178, "column": 0 },
        "end": { "line": 178, "column": 14 }
      },
      "178": {
        "start": { "line": 179, "column": 0 },
        "end": { "line": 179, "column": 20 }
      },
      "180": {
        "start": { "line": 181, "column": 0 },
        "end": { "line": 181, "column": 26 }
      },
      "181": {
        "start": { "line": 182, "column": 0 },
        "end": { "line": 182, "column": 33 }
      },
      "182": {
        "start": { "line": 183, "column": 0 },
        "end": { "line": 183, "column": 24 }
      },
      "183": {
        "start": { "line": 184, "column": 0 },
        "end": { "line": 184, "column": 30 }
      },
      "184": {
        "start": { "line": 185, "column": 0 },
        "end": { "line": 185, "column": 36 }
      },
      "185": {
        "start": { "line": 186, "column": 0 },
        "end": { "line": 186, "column": 36 }
      },
      "186": {
        "start": { "line": 187, "column": 0 },
        "end": { "line": 187, "column": 42 }
      },
      "187": {
        "start": { "line": 188, "column": 0 },
        "end": { "line": 188, "column": 12 }
      },
      "189": {
        "start": { "line": 190, "column": 0 },
        "end": { "line": 190, "column": 32 }
      },
      "190": {
        "start": { "line": 191, "column": 0 },
        "end": { "line": 191, "column": 46 }
      },
      "191": {
        "start": { "line": 192, "column": 0 },
        "end": { "line": 192, "column": 16 }
      },
      "192": {
        "start": { "line": 193, "column": 0 },
        "end": { "line": 193, "column": 14 }
      },
      "193": {
        "start": { "line": 194, "column": 0 },
        "end": { "line": 194, "column": 12 }
      },
      "194": {
        "start": { "line": 195, "column": 0 },
        "end": { "line": 195, "column": 11 }
      },
      "196": {
        "start": { "line": 197, "column": 0 },
        "end": { "line": 197, "column": 23 }
      },
      "197": {
        "start": { "line": 198, "column": 0 },
        "end": { "line": 198, "column": 23 }
      },
      "198": {
        "start": { "line": 199, "column": 0 },
        "end": { "line": 199, "column": 23 }
      },
      "199": {
        "start": { "line": 200, "column": 0 },
        "end": { "line": 200, "column": 32 }
      },
      "200": {
        "start": { "line": 201, "column": 0 },
        "end": { "line": 201, "column": 6 }
      },
      "201": {
        "start": { "line": 202, "column": 0 },
        "end": { "line": 202, "column": 21 }
      },
      "202": {
        "start": { "line": 203, "column": 0 },
        "end": { "line": 203, "column": 29 }
      },
      "203": {
        "start": { "line": 204, "column": 0 },
        "end": { "line": 204, "column": 33 }
      },
      "204": {
        "start": { "line": 205, "column": 0 },
        "end": { "line": 205, "column": 27 }
      },
      "205": {
        "start": { "line": 206, "column": 0 },
        "end": { "line": 206, "column": 38 }
      },
      "206": {
        "start": { "line": 207, "column": 0 },
        "end": { "line": 207, "column": 6 }
      },
      "207": {
        "start": { "line": 208, "column": 0 },
        "end": { "line": 208, "column": 16 }
      },
      "208": {
        "start": { "line": 209, "column": 0 },
        "end": { "line": 209, "column": 26 }
      },
      "209": {
        "start": { "line": 210, "column": 0 },
        "end": { "line": 210, "column": 28 }
      },
      "210": {
        "start": { "line": 211, "column": 0 },
        "end": { "line": 211, "column": 35 }
      },
      "211": {
        "start": { "line": 212, "column": 0 },
        "end": { "line": 212, "column": 6 }
      },
      "212": {
        "start": { "line": 213, "column": 0 },
        "end": { "line": 213, "column": 16 }
      },
      "213": {
        "start": { "line": 214, "column": 0 },
        "end": { "line": 214, "column": 23 }
      },
      "214": {
        "start": { "line": 215, "column": 0 },
        "end": { "line": 215, "column": 30 }
      },
      "215": {
        "start": { "line": 216, "column": 0 },
        "end": { "line": 216, "column": 29 }
      },
      "216": {
        "start": { "line": 217, "column": 0 },
        "end": { "line": 217, "column": 6 }
      },
      "217": {
        "start": { "line": 218, "column": 0 },
        "end": { "line": 218, "column": 8 }
      },
      "221": {
        "start": { "line": 222, "column": 0 },
        "end": { "line": 222, "column": 37 }
      },
      "223": {
        "start": { "line": 224, "column": 0 },
        "end": { "line": 224, "column": 49 }
      },
      "224": {
        "start": { "line": 225, "column": 0 },
        "end": { "line": 225, "column": 65 }
      },
      "225": {
        "start": { "line": 226, "column": 0 },
        "end": { "line": 226, "column": 53 }
      },
      "226": {
        "start": { "line": 227, "column": 0 },
        "end": { "line": 227, "column": 59 }
      },
      "227": {
        "start": { "line": 228, "column": 0 },
        "end": { "line": 228, "column": 61 }
      },
      "228": {
        "start": { "line": 229, "column": 0 },
        "end": { "line": 229, "column": 53 }
      },
      "229": {
        "start": { "line": 230, "column": 0 },
        "end": { "line": 230, "column": 51 }
      },
      "230": {
        "start": { "line": 231, "column": 0 },
        "end": { "line": 231, "column": 63 }
      },
      "231": {
        "start": { "line": 232, "column": 0 },
        "end": { "line": 232, "column": 69 }
      },
      "232": {
        "start": { "line": 233, "column": 0 },
        "end": { "line": 233, "column": 65 }
      },
      "233": {
        "start": { "line": 234, "column": 0 },
        "end": { "line": 234, "column": 55 }
      },
      "234": {
        "start": { "line": 235, "column": 0 },
        "end": { "line": 235, "column": 55 }
      },
      "235": {
        "start": { "line": 236, "column": 0 },
        "end": { "line": 236, "column": 55 }
      },
      "237": {
        "start": { "line": 238, "column": 0 },
        "end": { "line": 238, "column": 51 }
      },
      "238": {
        "start": { "line": 239, "column": 0 },
        "end": { "line": 239, "column": 19 }
      },
      "240": {
        "start": { "line": 241, "column": 0 },
        "end": { "line": 241, "column": 66 }
      },
      "241": {
        "start": { "line": 242, "column": 0 },
        "end": { "line": 242, "column": 66 }
      },
      "242": {
        "start": { "line": 243, "column": 0 },
        "end": { "line": 243, "column": 66 }
      },
      "243": {
        "start": { "line": 244, "column": 0 },
        "end": { "line": 244, "column": 72 }
      },
      "244": {
        "start": { "line": 245, "column": 0 },
        "end": { "line": 245, "column": 66 }
      },
      "245": {
        "start": { "line": 246, "column": 0 },
        "end": { "line": 246, "column": 78 }
      },
      "248": {
        "start": { "line": 249, "column": 0 },
        "end": { "line": 249, "column": 63 }
      },
      "249": {
        "start": { "line": 250, "column": 0 },
        "end": { "line": 250, "column": 53 }
      },
      "251": {
        "start": { "line": 252, "column": 0 },
        "end": { "line": 252, "column": 30 }
      },
      "252": {
        "start": { "line": 253, "column": 0 },
        "end": { "line": 253, "column": 19 }
      },
      "253": {
        "start": { "line": 254, "column": 0 },
        "end": { "line": 254, "column": 10 }
      },
      "254": {
        "start": { "line": 255, "column": 0 },
        "end": { "line": 255, "column": 46 }
      },
      "255": {
        "start": { "line": 256, "column": 0 },
        "end": { "line": 256, "column": 3 }
      },
      "256": {
        "start": { "line": 257, "column": 0 },
        "end": { "line": 257, "column": 31 }
      },
      "257": {
        "start": { "line": 258, "column": 0 },
        "end": { "line": 258, "column": 46 }
      },
      "258": {
        "start": { "line": 259, "column": 0 },
        "end": { "line": 259, "column": 29 }
      },
      "259": {
        "start": { "line": 260, "column": 0 },
        "end": { "line": 260, "column": 32 }
      },
      "261": {
        "start": { "line": 262, "column": 0 },
        "end": { "line": 262, "column": 57 }
      },
      "262": {
        "start": { "line": 263, "column": 0 },
        "end": { "line": 263, "column": 7 }
      },
      "263": {
        "start": { "line": 264, "column": 0 },
        "end": { "line": 264, "column": 12 }
      },
      "264": {
        "start": { "line": 265, "column": 0 },
        "end": { "line": 265, "column": 14 }
      },
      "265": {
        "start": { "line": 266, "column": 0 },
        "end": { "line": 266, "column": 17 }
      },
      "266": {
        "start": { "line": 267, "column": 0 },
        "end": { "line": 267, "column": 18 }
      },
      "267": {
        "start": { "line": 268, "column": 0 },
        "end": { "line": 268, "column": 15 }
      },
      "268": {
        "start": { "line": 269, "column": 0 },
        "end": { "line": 269, "column": 23 }
      },
      "270": {
        "start": { "line": 271, "column": 0 },
        "end": { "line": 271, "column": 7 }
      },
      "271": {
        "start": { "line": 272, "column": 0 },
        "end": { "line": 272, "column": 12 }
      },
      "272": {
        "start": { "line": 273, "column": 0 },
        "end": { "line": 273, "column": 16 }
      },
      "273": {
        "start": { "line": 274, "column": 0 },
        "end": { "line": 274, "column": 15 }
      },
      "274": {
        "start": { "line": 275, "column": 0 },
        "end": { "line": 275, "column": 7 }
      },
      "275": {
        "start": { "line": 276, "column": 0 },
        "end": { "line": 276, "column": 16 }
      },
      "276": {
        "start": { "line": 277, "column": 0 },
        "end": { "line": 277, "column": 29 }
      },
      "277": {
        "start": { "line": 278, "column": 0 },
        "end": { "line": 278, "column": 11 }
      },
      "278": {
        "start": { "line": 279, "column": 0 },
        "end": { "line": 279, "column": 15 }
      },
      "279": {
        "start": { "line": 280, "column": 0 },
        "end": { "line": 280, "column": 12 }
      },
      "280": {
        "start": { "line": 281, "column": 0 },
        "end": { "line": 281, "column": 14 }
      },
      "281": {
        "start": { "line": 282, "column": 0 },
        "end": { "line": 282, "column": 63 }
      },
      "283": {
        "start": { "line": 284, "column": 0 },
        "end": { "line": 284, "column": 49 }
      },
      "285": {
        "start": { "line": 286, "column": 0 },
        "end": { "line": 286, "column": 7 }
      },
      "286": {
        "start": { "line": 287, "column": 0 },
        "end": { "line": 287, "column": 14 }
      },
      "287": {
        "start": { "line": 288, "column": 0 },
        "end": { "line": 288, "column": 11 }
      },
      "288": {
        "start": { "line": 289, "column": 0 },
        "end": { "line": 289, "column": 13 }
      },
      "289": {
        "start": { "line": 290, "column": 0 },
        "end": { "line": 290, "column": 13 }
      },
      "290": {
        "start": { "line": 291, "column": 0 },
        "end": { "line": 291, "column": 14 }
      },
      "291": {
        "start": { "line": 292, "column": 0 },
        "end": { "line": 292, "column": 19 }
      },
      "292": {
        "start": { "line": 293, "column": 0 },
        "end": { "line": 293, "column": 16 }
      },
      "293": {
        "start": { "line": 294, "column": 0 },
        "end": { "line": 294, "column": 15 }
      },
      "294": {
        "start": { "line": 295, "column": 0 },
        "end": { "line": 295, "column": 11 }
      },
      "295": {
        "start": { "line": 296, "column": 0 },
        "end": { "line": 296, "column": 17 }
      },
      "296": {
        "start": { "line": 297, "column": 0 },
        "end": { "line": 297, "column": 16 }
      },
      "297": {
        "start": { "line": 298, "column": 0 },
        "end": { "line": 298, "column": 28 }
      },
      "298": {
        "start": { "line": 299, "column": 0 },
        "end": { "line": 299, "column": 7 }
      },
      "299": {
        "start": { "line": 300, "column": 0 },
        "end": { "line": 300, "column": 7 }
      },
      "300": {
        "start": { "line": 301, "column": 0 },
        "end": { "line": 301, "column": 16 }
      },
      "301": {
        "start": { "line": 302, "column": 0 },
        "end": { "line": 302, "column": 12 }
      },
      "302": {
        "start": { "line": 303, "column": 0 },
        "end": { "line": 303, "column": 16 }
      },
      "303": {
        "start": { "line": 304, "column": 0 },
        "end": { "line": 304, "column": 15 }
      },
      "304": {
        "start": { "line": 305, "column": 0 },
        "end": { "line": 305, "column": 16 }
      },
      "305": {
        "start": { "line": 306, "column": 0 },
        "end": { "line": 306, "column": 15 }
      },
      "306": {
        "start": { "line": 307, "column": 0 },
        "end": { "line": 307, "column": 16 }
      },
      "307": {
        "start": { "line": 308, "column": 0 },
        "end": { "line": 308, "column": 3 }
      },
      "309": {
        "start": { "line": 310, "column": 0 },
        "end": { "line": 310, "column": 29 }
      },
      "310": {
        "start": { "line": 311, "column": 0 },
        "end": { "line": 311, "column": 32 }
      },
      "311": {
        "start": { "line": 312, "column": 0 },
        "end": { "line": 312, "column": 35 }
      },
      "313": {
        "start": { "line": 314, "column": 0 },
        "end": { "line": 314, "column": 26 }
      },
      "314": {
        "start": { "line": 315, "column": 0 },
        "end": { "line": 315, "column": 28 }
      },
      "315": {
        "start": { "line": 316, "column": 0 },
        "end": { "line": 316, "column": 1 }
      },
      "317": {
        "start": { "line": 318, "column": 0 },
        "end": { "line": 318, "column": 40 }
      },
      "318": {
        "start": { "line": 319, "column": 0 },
        "end": { "line": 319, "column": 7 }
      },
      "319": {
        "start": { "line": 320, "column": 0 },
        "end": { "line": 320, "column": 15 }
      },
      "320": {
        "start": { "line": 321, "column": 0 },
        "end": { "line": 321, "column": 16 }
      },
      "321": {
        "start": { "line": 322, "column": 0 },
        "end": { "line": 322, "column": 7 }
      },
      "322": {
        "start": { "line": 323, "column": 0 },
        "end": { "line": 323, "column": 15 }
      },
      "323": {
        "start": { "line": 324, "column": 0 },
        "end": { "line": 324, "column": 12 }
      },
      "324": {
        "start": { "line": 325, "column": 0 },
        "end": { "line": 325, "column": 11 }
      },
      "325": {
        "start": { "line": 326, "column": 0 },
        "end": { "line": 326, "column": 14 }
      },
      "326": {
        "start": { "line": 327, "column": 0 },
        "end": { "line": 327, "column": 18 }
      },
      "327": {
        "start": { "line": 328, "column": 0 },
        "end": { "line": 328, "column": 3 }
      },
      "329": {
        "start": { "line": 330, "column": 0 },
        "end": { "line": 330, "column": 22 }
      },
      "330": {
        "start": { "line": 331, "column": 0 },
        "end": { "line": 331, "column": 7 }
      },
      "331": {
        "start": { "line": 332, "column": 0 },
        "end": { "line": 332, "column": 52 }
      },
      "332": {
        "start": { "line": 333, "column": 0 },
        "end": { "line": 333, "column": 11 }
      },
      "333": {
        "start": { "line": 334, "column": 0 },
        "end": { "line": 334, "column": 26 }
      },
      "334": {
        "start": { "line": 335, "column": 0 },
        "end": { "line": 335, "column": 3 }
      },
      "335": {
        "start": { "line": 336, "column": 0 },
        "end": { "line": 336, "column": 1 }
      },
      "337": {
        "start": { "line": 338, "column": 0 },
        "end": { "line": 338, "column": 17 }
      },
      "338": {
        "start": { "line": 339, "column": 0 },
        "end": { "line": 339, "column": 7 }
      },
      "339": {
        "start": { "line": 340, "column": 0 },
        "end": { "line": 340, "column": 42 }
      },
      "340": {
        "start": { "line": 341, "column": 0 },
        "end": { "line": 341, "column": 39 }
      },
      "341": {
        "start": { "line": 342, "column": 0 },
        "end": { "line": 342, "column": 5 }
      },
      "342": {
        "start": { "line": 343, "column": 0 },
        "end": { "line": 343, "column": 12 }
      },
      "343": {
        "start": { "line": 344, "column": 0 },
        "end": { "line": 344, "column": 33 }
      },
      "344": {
        "start": { "line": 345, "column": 0 },
        "end": { "line": 345, "column": 44 }
      },
      "345": {
        "start": { "line": 346, "column": 0 },
        "end": { "line": 346, "column": 3 }
      }
    },
    "s": {
      "1": 0,
      "2": 0,
      "3": 0,
      "4": 0,
      "5": 0,
      "6": 0,
      "7": 0,
      "8": 0,
      "9": 0,
      "10": 0,
      "12": 0,
      "13": 0,
      "14": 0,
      "15": 0,
      "16": 0,
      "17": 0,
      "18": 0,
      "19": 0,
      "20": 0,
      "21": 0,
      "22": 0,
      "23": 0,
      "25": 0,
      "26": 0,
      "27": 0,
      "28": 0,
      "29": 0,
      "30": 0,
      "32": 0,
      "34": 0,
      "35": 0,
      "36": 0,
      "37": 0,
      "38": 0,
      "40": 0,
      "41": 0,
      "42": 0,
      "44": 0,
      "46": 0,
      "47": 0,
      "48": 0,
      "49": 0,
      "50": 0,
      "52": 0,
      "53": 0,
      "54": 0,
      "55": 0,
      "56": 0,
      "57": 0,
      "59": 0,
      "60": 0,
      "62": 0,
      "63": 0,
      "64": 0,
      "65": 0,
      "66": 0,
      "67": 0,
      "68": 0,
      "69": 0,
      "70": 0,
      "71": 0,
      "73": 0,
      "74": 0,
      "75": 0,
      "76": 0,
      "77": 0,
      "78": 0,
      "80": 0,
      "82": 0,
      "83": 0,
      "84": 0,
      "85": 0,
      "86": 0,
      "87": 0,
      "88": 0,
      "89": 0,
      "91": 0,
      "92": 0,
      "93": 0,
      "94": 0,
      "95": 0,
      "96": 0,
      "98": 0,
      "99": 0,
      "100": 0,
      "101": 0,
      "102": 0,
      "103": 0,
      "104": 0,
      "105": 0,
      "106": 0,
      "108": 0,
      "109": 0,
      "110": 0,
      "111": 0,
      "112": 0,
      "113": 0,
      "115": 0,
      "116": 0,
      "118": 0,
      "119": 0,
      "121": 0,
      "122": 0,
      "123": 0,
      "124": 0,
      "126": 0,
      "127": 0,
      "128": 0,
      "129": 0,
      "130": 0,
      "131": 0,
      "132": 0,
      "133": 0,
      "134": 0,
      "135": 0,
      "136": 0,
      "137": 0,
      "139": 0,
      "140": 0,
      "141": 0,
      "142": 0,
      "143": 0,
      "145": 0,
      "146": 0,
      "147": 0,
      "148": 0,
      "149": 0,
      "150": 0,
      "151": 0,
      "153": 0,
      "154": 0,
      "155": 0,
      "156": 0,
      "157": 0,
      "158": 0,
      "159": 0,
      "160": 0,
      "161": 0,
      "163": 0,
      "164": 0,
      "165": 0,
      "167": 0,
      "168": 0,
      "169": 0,
      "170": 0,
      "171": 0,
      "172": 0,
      "173": 0,
      "174": 0,
      "175": 0,
      "176": 0,
      "177": 0,
      "178": 0,
      "180": 0,
      "181": 0,
      "182": 0,
      "183": 0,
      "184": 0,
      "185": 0,
      "186": 0,
      "187": 0,
      "189": 0,
      "190": 0,
      "191": 0,
      "192": 0,
      "193": 0,
      "194": 0,
      "196": 0,
      "197": 0,
      "198": 0,
      "199": 0,
      "200": 0,
      "201": 0,
      "202": 0,
      "203": 0,
      "204": 0,
      "205": 0,
      "206": 0,
      "207": 0,
      "208": 0,
      "209": 0,
      "210": 0,
      "211": 0,
      "212": 0,
      "213": 0,
      "214": 0,
      "215": 0,
      "216": 0,
      "217": 0,
      "221": 0,
      "223": 0,
      "224": 0,
      "225": 0,
      "226": 0,
      "227": 0,
      "228": 0,
      "229": 0,
      "230": 0,
      "231": 0,
      "232": 0,
      "233": 0,
      "234": 0,
      "235": 0,
      "237": 0,
      "238": 0,
      "240": 0,
      "241": 0,
      "242": 0,
      "243": 0,
      "244": 0,
      "245": 0,
      "248": 0,
      "249": 0,
      "251": 0,
      "252": 0,
      "253": 0,
      "254": 0,
      "255": 0,
      "256": 0,
      "257": 0,
      "258": 0,
      "259": 0,
      "261": 0,
      "262": 0,
      "263": 0,
      "264": 0,
      "265": 0,
      "266": 0,
      "267": 0,
      "268": 0,
      "270": 0,
      "271": 0,
      "272": 0,
      "273": 0,
      "274": 0,
      "275": 0,
      "276": 0,
      "277": 0,
      "278": 0,
      "279": 0,
      "280": 0,
      "281": 0,
      "283": 0,
      "285": 0,
      "286": 0,
      "287": 0,
      "288": 0,
      "289": 0,
      "290": 0,
      "291": 0,
      "292": 0,
      "293": 0,
      "294": 0,
      "295": 0,
      "296": 0,
      "297": 0,
      "298": 0,
      "299": 0,
      "300": 0,
      "301": 0,
      "302": 0,
      "303": 0,
      "304": 0,
      "305": 0,
      "306": 0,
      "307": 0,
      "309": 0,
      "310": 0,
      "311": 0,
      "313": 0,
      "314": 0,
      "315": 0,
      "317": 0,
      "318": 0,
      "319": 0,
      "320": 0,
      "321": 0,
      "322": 0,
      "323": 0,
      "324": 0,
      "325": 0,
      "326": 0,
      "327": 0,
      "329": 0,
      "330": 0,
      "331": 0,
      "332": 0,
      "333": 0,
      "334": 0,
      "335": 0,
      "337": 0,
      "338": 0,
      "339": 0,
      "340": 0,
      "341": 0,
      "342": 0,
      "343": 0,
      "344": 0,
      "345": 0
    },
    "branchMap": {
      "0": {
        "type": "branch",
        "line": 1,
        "loc": {
          "start": { "line": 1, "column": 10836 },
          "end": { "line": 347, "column": 9 }
        },
        "locations": [
          {
            "start": { "line": 1, "column": 10836 },
            "end": { "line": 347, "column": 9 }
          }
        ]
      }
    },
    "b": { "0": [1] },
    "fnMap": {
      "0": {
        "name": "(empty-report)",
        "decl": {
          "start": { "line": 1, "column": 10836 },
          "end": { "line": 347, "column": 9 }
        },
        "loc": {
          "start": { "line": 1, "column": 10836 },
          "end": { "line": 347, "column": 9 }
        },
        "line": 1
      }
    },
    "f": { "0": 1 }
  },
  "C:\\Users\\Christian\\Documents\\Studium\\ProgrammierProjekt\\Programmierprojekt\\src\\main.ts": {
    "path": "C:\\Users\\Christian\\Documents\\Studium\\ProgrammierProjekt\\Programmierprojekt\\src\\main.ts",
    "all": true,
    "statementMap": {
      "0": {
        "start": { "line": 1, "column": 0 },
        "end": { "line": 1, "column": 32 }
      },
      "2": {
        "start": { "line": 3, "column": 0 },
        "end": { "line": 3, "column": 29 }
      },
      "3": {
        "start": { "line": 4, "column": 0 },
        "end": { "line": 4, "column": 32 }
      },
      "4": {
        "start": { "line": 5, "column": 0 },
        "end": { "line": 5, "column": 29 }
      },
      "5": {
        "start": { "line": 6, "column": 0 },
        "end": { "line": 6, "column": 69 }
      },
      "6": {
        "start": { "line": 7, "column": 0 },
        "end": { "line": 7, "column": 28 }
      },
      "8": {
        "start": { "line": 9, "column": 0 },
        "end": { "line": 9, "column": 29 }
      }
    },
    "s": { "0": 0, "2": 0, "3": 0, "4": 0, "5": 0, "6": 0, "8": 0 },
    "branchMap": {
      "0": {
        "type": "branch",
        "line": 1,
        "loc": {
          "start": { "line": 1, "column": 0 },
          "end": { "line": 9, "column": -101 }
        },
        "locations": [
          {
            "start": { "line": 1, "column": 0 },
            "end": { "line": 9, "column": -101 }
          }
        ]
      }
    },
    "b": { "0": [0] },
    "fnMap": {
      "0": {
        "name": "(empty-report)",
        "decl": {
          "start": { "line": 1, "column": 0 },
          "end": { "line": 9, "column": -101 }
        },
        "loc": {
          "start": { "line": 1, "column": 0 },
          "end": { "line": 9, "column": -101 }
        },
        "line": 1
      }
    },
    "f": { "0": 0 }
  },
  "C:\\Users\\Christian\\Documents\\Studium\\ProgrammierProjekt\\Programmierprojekt\\src\\algorithms\\BasePolicy.ts": {
    "path": "C:\\Users\\Christian\\Documents\\Studium\\ProgrammierProjekt\\Programmierprojekt\\src\\algorithms\\BasePolicy.ts",
    "all": false,
    "statementMap": {
      "0": {
        "start": { "line": 1, "column": 0 },
        "end": { "line": 1, "column": 36 }
      },
      "15": {
        "start": { "line": 16, "column": 0 },
        "end": { "line": 16, "column": 59 }
      },
      "16": {
        "start": { "line": 17, "column": 0 },
        "end": { "line": 17, "column": 22 }
      },
      "17": {
        "start": { "line": 18, "column": 0 },
        "end": { "line": 18, "column": 67 }
      },
      "18": {
        "start": { "line": 19, "column": 0 },
        "end": { "line": 19, "column": 72 }
      },
      "19": {
        "start": { "line": 20, "column": 0 },
        "end": { "line": 20, "column": 66 }
      },
      "28": {
        "start": { "line": 29, "column": 0 },
        "end": { "line": 29, "column": 46 }
      },
      "30": {
        "start": { "line": 31, "column": 0 },
        "end": { "line": 31, "column": 32 }
      },
      "31": {
        "start": { "line": 32, "column": 0 },
        "end": { "line": 32, "column": 3 }
      },
      "41": {
        "start": { "line": 42, "column": 0 },
        "end": { "line": 42, "column": 37 }
      },
      "42": {
        "start": { "line": 43, "column": 0 },
        "end": { "line": 43, "column": 75 }
      },
      "43": {
        "start": { "line": 44, "column": 0 },
        "end": { "line": 44, "column": 61 }
      },
      "44": {
        "start": { "line": 45, "column": 0 },
        "end": { "line": 45, "column": 101 }
      },
      "45": {
        "start": { "line": 46, "column": 0 },
        "end": { "line": 46, "column": 70 }
      },
      "46": {
        "start": { "line": 47, "column": 0 },
        "end": { "line": 47, "column": 41 }
      },
      "47": {
        "start": { "line": 48, "column": 0 },
        "end": { "line": 48, "column": 36 }
      },
      "48": {
        "start": { "line": 49, "column": 0 },
        "end": { "line": 49, "column": 49 }
      },
      "49": {
        "start": { "line": 50, "column": 0 },
        "end": { "line": 50, "column": 27 }
      },
      "50": {
        "start": { "line": 51, "column": 0 },
        "end": { "line": 51, "column": 3 }
      },
      "51": {
        "start": { "line": 52, "column": 0 },
        "end": { "line": 52, "column": 49 }
      },
      "53": {
        "start": { "line": 54, "column": 0 },
        "end": { "line": 54, "column": 48 }
      },
      "54": {
        "start": { "line": 55, "column": 0 },
        "end": { "line": 55, "column": 3 }
      },
      "59": {
        "start": { "line": 60, "column": 0 },
        "end": { "line": 60, "column": 17 }
      },
      "60": {
        "start": { "line": 61, "column": 0 },
        "end": { "line": 61, "column": 61 }
      },
      "61": {
        "start": { "line": 62, "column": 0 },
        "end": { "line": 62, "column": 82 }
      },
      "62": {
        "start": { "line": 63, "column": 0 },
        "end": { "line": 63, "column": 42 }
      },
      "63": {
        "start": { "line": 64, "column": 0 },
        "end": { "line": 64, "column": 50 }
      },
      "64": {
        "start": { "line": 65, "column": 0 },
        "end": { "line": 65, "column": 19 }
      },
      "65": {
        "start": { "line": 66, "column": 0 },
        "end": { "line": 66, "column": 3 }
      },
      "74": {
        "start": { "line": 75, "column": 0 },
        "end": { "line": 75, "column": 37 }
      },
      "75": {
        "start": { "line": 76, "column": 0 },
        "end": { "line": 76, "column": 48 }
      },
      "76": {
        "start": { "line": 77, "column": 0 },
        "end": { "line": 77, "column": 46 }
      },
      "77": {
        "start": { "line": 78, "column": 0 },
        "end": { "line": 78, "column": 56 }
      },
      "79": {
        "start": { "line": 80, "column": 0 },
        "end": { "line": 80, "column": 55 }
      },
      "84": {
        "start": { "line": 85, "column": 0 },
        "end": { "line": 85, "column": 49 }
      },
      "85": {
        "start": { "line": 86, "column": 0 },
        "end": { "line": 86, "column": 26 }
      },
      "86": {
        "start": { "line": 87, "column": 0 },
        "end": { "line": 87, "column": 3 }
      },
      "91": {
        "start": { "line": 92, "column": 0 },
        "end": { "line": 92, "column": 37 }
      },
      "92": {
        "start": { "line": 93, "column": 0 },
        "end": { "line": 93, "column": 18 }
      },
      "93": {
        "start": { "line": 94, "column": 0 },
        "end": { "line": 94, "column": 3 }
      },
      "98": {
        "start": { "line": 99, "column": 0 },
        "end": { "line": 99, "column": 34 }
      },
      "99": {
        "start": { "line": 100, "column": 0 },
        "end": { "line": 100, "column": 18 }
      },
      "100": {
        "start": { "line": 101, "column": 0 },
        "end": { "line": 101, "column": 3 }
      },
      "112": {
        "start": { "line": 113, "column": 0 },
        "end": { "line": 113, "column": 64 }
      },
      "113": {
        "start": { "line": 114, "column": 0 },
        "end": { "line": 114, "column": 68 }
      },
      "114": {
        "start": { "line": 115, "column": 0 },
        "end": { "line": 115, "column": 3 }
      },
      "120": {
        "start": { "line": 121, "column": 0 },
        "end": { "line": 121, "column": 48 }
      },
      "122": {
        "start": { "line": 123, "column": 0 },
        "end": { "line": 123, "column": 102 }
      },
      "123": {
        "start": { "line": 124, "column": 0 },
        "end": { "line": 124, "column": 34 }
      },
      "124": {
        "start": { "line": 125, "column": 0 },
        "end": { "line": 125, "column": 45 }
      },
      "125": {
        "start": { "line": 126, "column": 0 },
        "end": { "line": 126, "column": 26 }
      },
      "126": {
        "start": { "line": 127, "column": 0 },
        "end": { "line": 127, "column": 21 }
      },
      "127": {
        "start": { "line": 128, "column": 0 },
        "end": { "line": 128, "column": 46 }
      },
      "128": {
        "start": { "line": 129, "column": 0 },
        "end": { "line": 129, "column": 25 }
      },
      "129": {
        "start": { "line": 130, "column": 0 },
        "end": { "line": 130, "column": 30 }
      },
      "131": {
        "start": { "line": 132, "column": 0 },
        "end": { "line": 132, "column": 27 }
      },
      "132": {
        "start": { "line": 133, "column": 0 },
        "end": { "line": 133, "column": 7 }
      },
      "133": {
        "start": { "line": 134, "column": 0 },
        "end": { "line": 134, "column": 5 }
      },
      "134": {
        "start": { "line": 135, "column": 0 },
        "end": { "line": 135, "column": 140 }
      },
      "135": {
        "start": { "line": 136, "column": 0 },
        "end": { "line": 136, "column": 27 }
      },
      "136": {
        "start": { "line": 137, "column": 0 },
        "end": { "line": 137, "column": 3 }
      },
      "143": {
        "start": { "line": 144, "column": 0 },
        "end": { "line": 144, "column": 33 }
      },
      "144": {
        "start": { "line": 145, "column": 0 },
        "end": { "line": 145, "column": 47 }
      },
      "145": {
        "start": { "line": 146, "column": 0 },
        "end": { "line": 146, "column": 3 }
      },
      "149": {
        "start": { "line": 150, "column": 0 },
        "end": { "line": 150, "column": 51 }
      },
      "150": {
        "start": { "line": 151, "column": 0 },
        "end": { "line": 151, "column": 30 }
      },
      "152": {
        "start": { "line": 153, "column": 0 },
        "end": { "line": 153, "column": 51 }
      },
      "153": {
        "start": { "line": 154, "column": 0 },
        "end": { "line": 154, "column": 1 }
      }
    },
    "s": {
      "0": 0,
      "15": 1,
      "16": 1,
      "17": 1,
      "18": 1,
      "19": 1,
      "28": 1,
      "30": 20,
      "31": 20,
      "41": 1,
      "42": 20,
      "43": 20,
      "44": 20,
      "45": 20,
      "46": 20,
      "47": 20,
      "48": 20,
      "49": 20,
      "50": 20,
      "51": 1,
      "53": 24,
      "54": 24,
      "59": 1,
      "60": 4,
      "61": 4,
      "62": 4,
      "63": 4,
      "64": 4,
      "65": 4,
      "74": 1,
      "75": 370,
      "76": 370,
      "77": 370,
      "79": 370,
      "84": 370,
      "85": 370,
      "86": 370,
      "91": 1,
      "92": 67,
      "93": 67,
      "98": 1,
      "99": 3,
      "100": 3,
      "112": 1,
      "113": 0,
      "114": 0,
      "120": 1,
      "122": 313,
      "123": 313,
      "124": 313,
      "125": 939,
      "126": 939,
      "127": 348,
      "128": 348,
      "129": 861,
      "131": 3,
      "132": 3,
      "133": 939,
      "134": 313,
      "135": 313,
      "136": 313,
      "143": 1,
      "144": 0,
      "145": 0,
      "149": 1,
      "150": 1,
      "152": 1,
      "153": 1
    },
    "branchMap": {
      "0": {
        "type": "branch",
        "line": 1,
        "loc": {
          "start": { "line": 1, "column": 0 },
          "end": { "line": 1, "column": 36 }
        },
        "locations": [
          {
            "start": { "line": 1, "column": 0 },
            "end": { "line": 1, "column": 36 }
          }
        ]
      },
      "1": {
        "type": "branch",
        "line": 29,
        "loc": {
          "start": { "line": 29, "column": 2 },
          "end": { "line": 32, "column": 3 }
        },
        "locations": [
          {
            "start": { "line": 29, "column": 2 },
            "end": { "line": 32, "column": 3 }
          }
        ]
      },
      "2": {
        "type": "branch",
        "line": 42,
        "loc": {
          "start": { "line": 42, "column": 2 },
          "end": { "line": 51, "column": 3 }
        },
        "locations": [
          {
            "start": { "line": 42, "column": 2 },
            "end": { "line": 51, "column": 3 }
          }
        ]
      },
      "3": {
        "type": "branch",
        "line": 52,
        "loc": {
          "start": { "line": 52, "column": 12 },
          "end": { "line": 55, "column": 3 }
        },
        "locations": [
          {
            "start": { "line": 52, "column": 12 },
            "end": { "line": 55, "column": 3 }
          }
        ]
      },
      "4": {
        "type": "branch",
        "line": 60,
        "loc": {
          "start": { "line": 60, "column": 2 },
          "end": { "line": 66, "column": 3 }
        },
        "locations": [
          {
            "start": { "line": 60, "column": 2 },
            "end": { "line": 66, "column": 3 }
          }
        ]
      },
      "5": {
        "type": "branch",
        "line": 75,
        "loc": {
          "start": { "line": 75, "column": 2 },
          "end": { "line": 87, "column": 3 }
        },
        "locations": [
          {
            "start": { "line": 75, "column": 2 },
            "end": { "line": 87, "column": 3 }
          }
        ]
      },
      "6": {
        "type": "branch",
        "line": 92,
        "loc": {
          "start": { "line": 92, "column": 2 },
          "end": { "line": 94, "column": 3 }
        },
        "locations": [
          {
            "start": { "line": 92, "column": 2 },
            "end": { "line": 94, "column": 3 }
          }
        ]
      },
      "7": {
        "type": "branch",
        "line": 99,
        "loc": {
          "start": { "line": 99, "column": 2 },
          "end": { "line": 101, "column": 3 }
        },
        "locations": [
          {
            "start": { "line": 99, "column": 2 },
            "end": { "line": 101, "column": 3 }
          }
        ]
      },
      "8": {
        "type": "branch",
        "line": 121,
        "loc": {
          "start": { "line": 121, "column": 12 },
          "end": { "line": 137, "column": 3 }
        },
        "locations": [
          {
            "start": { "line": 121, "column": 12 },
            "end": { "line": 137, "column": 3 }
          }
        ]
      },
      "9": {
        "type": "branch",
        "line": 125,
        "loc": {
          "start": { "line": 125, "column": 44 },
          "end": { "line": 134, "column": 5 }
        },
        "locations": [
          {
            "start": { "line": 125, "column": 44 },
            "end": { "line": 134, "column": 5 }
          }
        ]
      },
      "10": {
        "type": "branch",
        "line": 127,
        "loc": {
          "start": { "line": 127, "column": 20 },
          "end": { "line": 133, "column": 7 }
        },
        "locations": [
          {
            "start": { "line": 127, "column": 20 },
            "end": { "line": 133, "column": 7 }
          }
        ]
      },
      "11": {
        "type": "branch",
        "line": 127,
        "loc": {
          "start": { "line": 127, "column": 20 },
          "end": { "line": 130, "column": 17 }
        },
        "locations": [
          {
            "start": { "line": 127, "column": 20 },
            "end": { "line": 130, "column": 17 }
          }
        ]
      },
      "12": {
        "type": "branch",
        "line": 130,
        "loc": {
          "start": { "line": 130, "column": 6 },
          "end": { "line": 133, "column": 7 }
        },
        "locations": [
          {
            "start": { "line": 130, "column": 6 },
            "end": { "line": 133, "column": 7 }
          }
        ]
      },
      "13": {
        "type": "branch",
        "line": 130,
        "loc": {
          "start": { "line": 130, "column": 29 },
          "end": { "line": 133, "column": 7 }
        },
        "locations": [
          {
            "start": { "line": 130, "column": 29 },
            "end": { "line": 133, "column": 7 }
          }
        ]
      },
      "14": {
        "type": "branch",
        "line": 150,
        "loc": {
          "start": { "line": 150, "column": 12 },
          "end": { "line": 150, "column": 51 }
        },
        "locations": [
          {
            "start": { "line": 150, "column": 12 },
            "end": { "line": 150, "column": 51 }
          }
        ]
      },
      "15": {
        "type": "branch",
        "line": 151,
        "loc": {
          "start": { "line": 151, "column": 12 },
          "end": { "line": 151, "column": 30 }
        },
        "locations": [
          {
            "start": { "line": 151, "column": 12 },
            "end": { "line": 151, "column": 30 }
          }
        ]
      },
      "16": {
        "type": "branch",
        "line": 153,
        "loc": {
          "start": { "line": 153, "column": 12 },
          "end": { "line": 153, "column": 51 }
        },
        "locations": [
          {
            "start": { "line": 153, "column": 12 },
            "end": { "line": 153, "column": 51 }
          }
        ]
      }
    },
    "b": {
      "0": [0],
      "1": [20],
      "2": [20],
      "3": [24],
      "4": [4],
      "5": [370],
      "6": [67],
      "7": [3],
      "8": [313],
      "9": [939],
      "10": [861],
      "11": [348],
      "12": [591],
      "13": [3],
      "14": [17],
      "15": [3],
      "16": [267]
    },
    "fnMap": {
      "0": {
        "name": "BasePolicy",
        "decl": {
          "start": { "line": 29, "column": 2 },
          "end": { "line": 32, "column": 3 }
        },
        "loc": {
          "start": { "line": 29, "column": 2 },
          "end": { "line": 32, "column": 3 }
        },
        "line": 29
      },
      "1": {
        "name": "initialize",
        "decl": {
          "start": { "line": 42, "column": 2 },
          "end": { "line": 51, "column": 3 }
        },
        "loc": {
          "start": { "line": 42, "column": 2 },
          "end": { "line": 51, "column": 3 }
        },
        "line": 42
      },
      "2": {
        "name": "setOptimisticInitialValue",
        "decl": {
          "start": { "line": 52, "column": 12 },
          "end": { "line": 55, "column": 3 }
        },
        "loc": {
          "start": { "line": 52, "column": 12 },
          "end": { "line": 55, "column": 3 }
        },
        "line": 52
      },
      "3": {
        "name": "reset",
        "decl": {
          "start": { "line": 60, "column": 2 },
          "end": { "line": 66, "column": 3 }
        },
        "loc": {
          "start": { "line": 60, "column": 2 },
          "end": { "line": 66, "column": 3 }
        },
        "line": 60
      },
      "4": {
        "name": "update",
        "decl": {
          "start": { "line": 75, "column": 2 },
          "end": { "line": 87, "column": 3 }
        },
        "loc": {
          "start": { "line": 75, "column": 2 },
          "end": { "line": 87, "column": 3 }
        },
        "line": 75
      },
      "5": {
        "name": "getEstimates",
        "decl": {
          "start": { "line": 92, "column": 2 },
          "end": { "line": 94, "column": 3 }
        },
        "loc": {
          "start": { "line": 92, "column": 2 },
          "end": { "line": 94, "column": 3 }
        },
        "line": 92
      },
      "6": {
        "name": "getCounts",
        "decl": {
          "start": { "line": 99, "column": 2 },
          "end": { "line": 101, "column": 3 }
        },
        "loc": {
          "start": { "line": 99, "column": 2 },
          "end": { "line": 101, "column": 3 }
        },
        "line": 99
      },
      "7": {
        "name": "getInfo",
        "decl": {
          "start": { "line": 113, "column": 2 },
          "end": { "line": 115, "column": 3 }
        },
        "loc": {
          "start": { "line": 113, "column": 2 },
          "end": { "line": 115, "column": 3 }
        },
        "line": 113
      },
      "8": {
        "name": "tiebreak",
        "decl": {
          "start": { "line": 121, "column": 12 },
          "end": { "line": 137, "column": 3 }
        },
        "loc": {
          "start": { "line": 121, "column": 12 },
          "end": { "line": 137, "column": 3 }
        },
        "line": 121
      },
      "9": {
        "name": "randomArm",
        "decl": {
          "start": { "line": 144, "column": 12 },
          "end": { "line": 146, "column": 3 }
        },
        "loc": {
          "start": { "line": 144, "column": 12 },
          "end": { "line": 146, "column": 3 }
        },
        "line": 144
      },
      "10": {
        "name": "onInitialize",
        "decl": {
          "start": { "line": 150, "column": 12 },
          "end": { "line": 150, "column": 51 }
        },
        "loc": {
          "start": { "line": 150, "column": 12 },
          "end": { "line": 150, "column": 51 }
        },
        "line": 150
      },
      "11": {
        "name": "onReset",
        "decl": {
          "start": { "line": 151, "column": 12 },
          "end": { "line": 151, "column": 30 }
        },
        "loc": {
          "start": { "line": 151, "column": 12 },
          "end": { "line": 151, "column": 30 }
        },
        "line": 151
      },
      "12": {
        "name": "onUpdate",
        "decl": {
          "start": { "line": 153, "column": 12 },
          "end": { "line": 153, "column": 51 }
        },
        "loc": {
          "start": { "line": 153, "column": 12 },
          "end": { "line": 153, "column": 51 }
        },
        "line": 153
      }
    },
    "f": {
      "0": 20,
      "1": 20,
      "2": 24,
      "3": 4,
      "4": 370,
      "5": 67,
      "6": 3,
      "7": 0,
      "8": 313,
      "9": 0,
      "10": 17,
      "11": 3,
      "12": 267
    }
  },
  "C:\\Users\\Christian\\Documents\\Studium\\ProgrammierProjekt\\Programmierprojekt\\src\\algorithms\\CustomPolicyLoader.ts": {
    "path": "C:\\Users\\Christian\\Documents\\Studium\\ProgrammierProjekt\\Programmierprojekt\\src\\algorithms\\CustomPolicyLoader.ts",
    "all": false,
    "statementMap": {
      "0": {
        "start": { "line": 1, "column": 0 },
        "end": { "line": 1, "column": 20 }
      },
      "1": {
        "start": { "line": 2, "column": 0 },
        "end": { "line": 2, "column": 24 }
      },
      "2": {
        "start": { "line": 3, "column": 0 },
        "end": { "line": 3, "column": 28 }
      },
      "4": {
        "start": { "line": 5, "column": 0 },
        "end": { "line": 5, "column": 36 }
      },
      "5": {
        "start": { "line": 6, "column": 0 },
        "end": { "line": 6, "column": 51 }
      },
      "7": {
        "start": { "line": 8, "column": 0 },
        "end": { "line": 8, "column": 33 }
      },
      "12": {
        "start": { "line": 13, "column": 0 },
        "end": { "line": 13, "column": 26 }
      },
      "13": {
        "start": { "line": 14, "column": 0 },
        "end": { "line": 14, "column": 17 }
      },
      "14": {
        "start": { "line": 15, "column": 0 },
        "end": { "line": 15, "column": 53 }
      },
      "15": {
        "start": { "line": 16, "column": 0 },
        "end": { "line": 16, "column": 29 }
      },
      "16": {
        "start": { "line": 17, "column": 0 },
        "end": { "line": 17, "column": 32 }
      },
      "17": {
        "start": { "line": 18, "column": 0 },
        "end": { "line": 18, "column": 22 }
      },
      "18": {
        "start": { "line": 19, "column": 0 },
        "end": { "line": 19, "column": 67 }
      },
      "19": {
        "start": { "line": 20, "column": 0 },
        "end": { "line": 20, "column": 8 }
      },
      "20": {
        "start": { "line": 21, "column": 0 },
        "end": { "line": 21, "column": 5 }
      },
      "25": {
        "start": { "line": 26, "column": 0 },
        "end": { "line": 26, "column": 45 }
      },
      "26": {
        "start": { "line": 27, "column": 0 },
        "end": { "line": 27, "column": 58 }
      },
      "27": {
        "start": { "line": 28, "column": 0 },
        "end": { "line": 28, "column": 144 }
      },
      "30": {
        "start": { "line": 31, "column": 0 },
        "end": { "line": 31, "column": 24 }
      },
      "31": {
        "start": { "line": 32, "column": 0 },
        "end": { "line": 32, "column": 9 }
      },
      "32": {
        "start": { "line": 33, "column": 0 },
        "end": { "line": 33, "column": 42 }
      },
      "34": {
        "start": { "line": 35, "column": 0 },
        "end": { "line": 35, "column": 38 }
      },
      "35": {
        "start": { "line": 36, "column": 0 },
        "end": { "line": 36, "column": 24 }
      },
      "36": {
        "start": { "line": 37, "column": 0 },
        "end": { "line": 37, "column": 41 }
      },
      "37": {
        "start": { "line": 38, "column": 0 },
        "end": { "line": 38, "column": 10 }
      },
      "38": {
        "start": { "line": 39, "column": 0 },
        "end": { "line": 39, "column": 52 }
      },
      "39": {
        "start": { "line": 40, "column": 0 },
        "end": { "line": 40, "column": 14 }
      },
      "41": {
        "start": { "line": 42, "column": 0 },
        "end": { "line": 42, "column": 35 }
      },
      "42": {
        "start": { "line": 43, "column": 0 },
        "end": { "line": 43, "column": 7 }
      },
      "43": {
        "start": { "line": 44, "column": 0 },
        "end": { "line": 44, "column": 19 }
      },
      "44": {
        "start": { "line": 45, "column": 0 },
        "end": { "line": 45, "column": 64 }
      },
      "45": {
        "start": { "line": 46, "column": 0 },
        "end": { "line": 46, "column": 5 }
      },
      "47": {
        "start": { "line": 48, "column": 0 },
        "end": { "line": 48, "column": 48 }
      },
      "48": {
        "start": { "line": 49, "column": 0 },
        "end": { "line": 49, "column": 58 }
      },
      "49": {
        "start": { "line": 50, "column": 0 },
        "end": { "line": 50, "column": 18 }
      },
      "52": {
        "start": { "line": 53, "column": 0 },
        "end": { "line": 53, "column": 177 }
      },
      "56": {
        "start": { "line": 57, "column": 0 },
        "end": { "line": 57, "column": 27 }
      },
      "58": {
        "start": { "line": 59, "column": 0 },
        "end": { "line": 59, "column": 45 }
      },
      "60": {
        "start": { "line": 61, "column": 0 },
        "end": { "line": 61, "column": 39 }
      },
      "62": {
        "start": { "line": 63, "column": 0 },
        "end": { "line": 63, "column": 112 }
      },
      "63": {
        "start": { "line": 64, "column": 0 },
        "end": { "line": 64, "column": 7 }
      },
      "65": {
        "start": { "line": 66, "column": 0 },
        "end": { "line": 66, "column": 39 }
      },
      "68": {
        "start": { "line": 69, "column": 0 },
        "end": { "line": 69, "column": 102 }
      },
      "69": {
        "start": { "line": 70, "column": 0 },
        "end": { "line": 70, "column": 7 }
      },
      "70": {
        "start": { "line": 71, "column": 0 },
        "end": { "line": 71, "column": 138 }
      },
      "71": {
        "start": { "line": 72, "column": 0 },
        "end": { "line": 72, "column": 6 }
      },
      "74": {
        "start": { "line": 75, "column": 0 },
        "end": { "line": 75, "column": 52 }
      },
      "75": {
        "start": { "line": 76, "column": 0 },
        "end": { "line": 76, "column": 156 }
      },
      "76": {
        "start": { "line": 77, "column": 0 },
        "end": { "line": 77, "column": 108 }
      },
      "77": {
        "start": { "line": 78, "column": 0 },
        "end": { "line": 78, "column": 108 }
      },
      "80": {
        "start": { "line": 81, "column": 0 },
        "end": { "line": 81, "column": 52 }
      },
      "81": {
        "start": { "line": 82, "column": 0 },
        "end": { "line": 82, "column": 98 }
      },
      "82": {
        "start": { "line": 83, "column": 0 },
        "end": { "line": 83, "column": 91 }
      },
      "85": {
        "start": { "line": 86, "column": 0 },
        "end": { "line": 86, "column": 56 }
      },
      "86": {
        "start": { "line": 87, "column": 0 },
        "end": { "line": 87, "column": 14 }
      },
      "87": {
        "start": { "line": 88, "column": 0 },
        "end": { "line": 88, "column": 102 }
      },
      "88": {
        "start": { "line": 89, "column": 0 },
        "end": { "line": 89, "column": 144 }
      },
      "89": {
        "start": { "line": 90, "column": 0 },
        "end": { "line": 90, "column": 6 }
      },
      "99": {
        "start": { "line": 100, "column": 0 },
        "end": { "line": 100, "column": 21 }
      },
      "100": {
        "start": { "line": 101, "column": 0 },
        "end": { "line": 101, "column": 22 }
      },
      "101": {
        "start": { "line": 102, "column": 0 },
        "end": { "line": 102, "column": 69 }
      },
      "102": {
        "start": { "line": 103, "column": 0 },
        "end": { "line": 103, "column": 50 }
      },
      "105": {
        "start": { "line": 106, "column": 0 },
        "end": { "line": 106, "column": 204 }
      },
      "106": {
        "start": { "line": 107, "column": 0 },
        "end": { "line": 107, "column": 55 }
      },
      "107": {
        "start": { "line": 108, "column": 0 },
        "end": { "line": 108, "column": 3 }
      },
      "108": {
        "start": { "line": 109, "column": 0 },
        "end": { "line": 109, "column": 1 }
      }
    },
    "s": {
      "0": 1,
      "1": 1,
      "2": 1,
      "4": 1,
      "5": 1,
      "7": 1,
      "12": 1,
      "13": 5,
      "14": 5,
      "15": 5,
      "16": 5,
      "17": 1,
      "18": 1,
      "19": 1,
      "20": 1,
      "25": 4,
      "26": 4,
      "27": 4,
      "30": 4,
      "31": 4,
      "32": 5,
      "34": 0,
      "35": 0,
      "36": 0,
      "37": 0,
      "38": 0,
      "39": 5,
      "41": 4,
      "42": 4,
      "43": 5,
      "44": 0,
      "45": 0,
      "47": 4,
      "48": 4,
      "49": 4,
      "52": 4,
      "56": 4,
      "58": 4,
      "60": 7,
      "62": 2,
      "63": 2,
      "65": 7,
      "68": 4,
      "69": 4,
      "70": 1,
      "71": 7,
      "74": 4,
      "75": 4,
      "76": 4,
      "77": 4,
      "80": 4,
      "81": 4,
      "82": 4,
      "85": 4,
      "86": 4,
      "87": 3,
      "88": 2,
      "89": 4,
      "99": 4,
      "100": 5,
      "101": 1,
      "102": 1,
      "105": 2,
      "106": 2,
      "107": 5,
      "108": 1
    },
    "branchMap": {
      "0": {
        "type": "branch",
        "line": 13,
        "loc": {
          "start": { "line": 13, "column": 2 },
          "end": { "line": 108, "column": 3 }
        },
        "locations": [
          {
            "start": { "line": 13, "column": 2 },
            "end": { "line": 108, "column": 3 }
          }
        ]
      },
      "1": {
        "type": "branch",
        "line": 17,
        "loc": {
          "start": { "line": 17, "column": 31 },
          "end": { "line": 21, "column": 5 }
        },
        "locations": [
          {
            "start": { "line": 17, "column": 31 },
            "end": { "line": 21, "column": 5 }
          }
        ]
      },
      "2": {
        "type": "branch",
        "line": 21,
        "loc": {
          "start": { "line": 21, "column": 4 },
          "end": { "line": 33, "column": 41 }
        },
        "locations": [
          {
            "start": { "line": 21, "column": 4 },
            "end": { "line": 33, "column": 41 }
          }
        ]
      },
      "3": {
        "type": "branch",
        "line": 33,
        "loc": {
          "start": { "line": 33, "column": 41 },
          "end": { "line": 40, "column": 13 }
        },
        "locations": [
          {
            "start": { "line": 33, "column": 41 },
            "end": { "line": 40, "column": 13 }
          }
        ]
      },
      "4": {
        "type": "branch",
        "line": 40,
        "loc": {
          "start": { "line": 40, "column": 6 },
          "end": { "line": 43, "column": 7 }
        },
        "locations": [
          {
            "start": { "line": 40, "column": 6 },
            "end": { "line": 43, "column": 7 }
          }
        ]
      },
      "5": {
        "type": "branch",
        "line": 44,
        "loc": {
          "start": { "line": 44, "column": 4 },
          "end": { "line": 46, "column": 5 }
        },
        "locations": [
          {
            "start": { "line": 44, "column": 4 },
            "end": { "line": 46, "column": 5 }
          }
        ]
      },
      "6": {
        "type": "branch",
        "line": 46,
        "loc": {
          "start": { "line": 46, "column": 4 },
          "end": { "line": 101, "column": 12 }
        },
        "locations": [
          {
            "start": { "line": 46, "column": 4 },
            "end": { "line": 101, "column": 12 }
          }
        ]
      },
      "7": {
        "type": "branch",
        "line": 101,
        "loc": {
          "start": { "line": 101, "column": 6 },
          "end": { "line": 103, "column": 50 }
        },
        "locations": [
          {
            "start": { "line": 101, "column": 6 },
            "end": { "line": 103, "column": 50 }
          }
        ]
      },
      "8": {
        "type": "branch",
        "line": 103,
        "loc": {
          "start": { "line": 103, "column": 6 },
          "end": { "line": 107, "column": 55 }
        },
        "locations": [
          {
            "start": { "line": 103, "column": 6 },
            "end": { "line": 107, "column": 55 }
          }
        ]
      },
      "9": {
        "type": "branch",
        "line": 59,
        "loc": {
          "start": { "line": 59, "column": 27 },
          "end": { "line": 72, "column": 6 }
        },
        "locations": [
          {
            "start": { "line": 59, "column": 27 },
            "end": { "line": 72, "column": 6 }
          }
        ]
      },
      "10": {
        "type": "branch",
        "line": 61,
        "loc": {
          "start": { "line": 61, "column": 38 },
          "end": { "line": 64, "column": 7 }
        },
        "locations": [
          {
            "start": { "line": 61, "column": 38 },
            "end": { "line": 64, "column": 7 }
          }
        ]
      },
      "11": {
        "type": "branch",
        "line": 64,
        "loc": {
          "start": { "line": 64, "column": 6 },
          "end": { "line": 66, "column": 38 }
        },
        "locations": [
          {
            "start": { "line": 64, "column": 6 },
            "end": { "line": 66, "column": 38 }
          }
        ]
      },
      "12": {
        "type": "branch",
        "line": 66,
        "loc": {
          "start": { "line": 66, "column": 38 },
          "end": { "line": 70, "column": 7 }
        },
        "locations": [
          {
            "start": { "line": 66, "column": 38 },
            "end": { "line": 70, "column": 7 }
          }
        ]
      },
      "13": {
        "type": "branch",
        "line": 70,
        "loc": {
          "start": { "line": 70, "column": 6 },
          "end": { "line": 71, "column": 138 }
        },
        "locations": [
          {
            "start": { "line": 70, "column": 6 },
            "end": { "line": 71, "column": 138 }
          }
        ]
      },
      "14": {
        "type": "branch",
        "line": 87,
        "loc": {
          "start": { "line": 87, "column": 6 },
          "end": { "line": 89, "column": 144 }
        },
        "locations": [
          {
            "start": { "line": 87, "column": 6 },
            "end": { "line": 89, "column": 144 }
          }
        ]
      },
      "15": {
        "type": "branch",
        "line": 88,
        "loc": {
          "start": { "line": 88, "column": 23 },
          "end": { "line": 89, "column": 144 }
        },
        "locations": [
          {
            "start": { "line": 88, "column": 23 },
            "end": { "line": 89, "column": 144 }
          }
        ]
      }
    },
    "b": {
      "0": [5],
      "1": [1],
      "2": [4],
      "3": [0],
      "4": [4],
      "5": [0],
      "6": [4],
      "7": [1],
      "8": [2],
      "9": [7],
      "10": [2],
      "11": [5],
      "12": [4],
      "13": [1],
      "14": [3],
      "15": [2]
    },
    "fnMap": {
      "0": {
        "name": "loadPolicy",
        "decl": {
          "start": { "line": 13, "column": 2 },
          "end": { "line": 108, "column": 3 }
        },
        "loc": {
          "start": { "line": 13, "column": 2 },
          "end": { "line": 108, "column": 3 }
        },
        "line": 13
      },
      "1": {
        "name": "sandboxRequire",
        "decl": {
          "start": { "line": 59, "column": 27 },
          "end": { "line": 72, "column": 6 }
        },
        "loc": {
          "start": { "line": 59, "column": 27 },
          "end": { "line": 72, "column": 6 }
        },
        "line": 59
      }
    },
    "f": { "0": 5, "1": 7 }
  },
  "C:\\Users\\Christian\\Documents\\Studium\\ProgrammierProjekt\\Programmierprojekt\\src\\algorithms\\EpsilonGreedy.ts": {
    "path": "C:\\Users\\Christian\\Documents\\Studium\\ProgrammierProjekt\\Programmierprojekt\\src\\algorithms\\EpsilonGreedy.ts",
    "all": false,
    "statementMap": {
      "0": {
        "start": { "line": 1, "column": 0 },
        "end": { "line": 1, "column": 45 }
      },
      "2": {
        "start": { "line": 3, "column": 0 },
        "end": { "line": 3, "column": 47 }
      },
      "3": {
        "start": { "line": 4, "column": 0 },
        "end": { "line": 4, "column": 26 }
      },
      "4": {
        "start": { "line": 5, "column": 0 },
        "end": { "line": 5, "column": 84 }
      },
      "7": {
        "start": { "line": 8, "column": 0 },
        "end": { "line": 8, "column": 31 }
      },
      "8": {
        "start": { "line": 9, "column": 0 },
        "end": { "line": 9, "column": 56 }
      },
      "9": {
        "start": { "line": 10, "column": 0 },
        "end": { "line": 10, "column": 73 }
      },
      "12": {
        "start": { "line": 13, "column": 0 },
        "end": { "line": 13, "column": 33 }
      },
      "13": {
        "start": { "line": 14, "column": 0 },
        "end": { "line": 14, "column": 50 }
      },
      "14": {
        "start": { "line": 15, "column": 0 },
        "end": { "line": 15, "column": 77 }
      },
      "17": {
        "start": { "line": 18, "column": 0 },
        "end": { "line": 18, "column": 35 }
      },
      "18": {
        "start": { "line": 19, "column": 0 },
        "end": { "line": 19, "column": 32 }
      },
      "19": {
        "start": { "line": 20, "column": 0 },
        "end": { "line": 20, "column": 7 }
      },
      "22": {
        "start": { "line": 23, "column": 0 },
        "end": { "line": 23, "column": 60 }
      },
      "23": {
        "start": { "line": 24, "column": 0 },
        "end": { "line": 24, "column": 28 }
      },
      "24": {
        "start": { "line": 25, "column": 0 },
        "end": { "line": 25, "column": 5 }
      },
      "26": {
        "start": { "line": 27, "column": 0 },
        "end": { "line": 27, "column": 137 }
      },
      "27": {
        "start": { "line": 28, "column": 0 },
        "end": { "line": 28, "column": 3 }
      },
      "30": {
        "start": { "line": 31, "column": 0 },
        "end": { "line": 31, "column": 41 }
      },
      "31": {
        "start": { "line": 32, "column": 0 },
        "end": { "line": 32, "column": 103 }
      },
      "32": {
        "start": { "line": 33, "column": 0 },
        "end": { "line": 33, "column": 55 }
      },
      "33": {
        "start": { "line": 34, "column": 0 },
        "end": { "line": 34, "column": 62 }
      },
      "34": {
        "start": { "line": 35, "column": 0 },
        "end": { "line": 35, "column": 15 }
      },
      "35": {
[...]
          "end": { "line": 96, "column": 1 }
        },
        "line": 59
      },
      "5": {
        "name": "buildSeriesFromManual",
        "decl": {
          "start": { "line": 98, "column": 7 },
          "end": { "line": 132, "column": 1 }
        },
        "loc": {
          "start": { "line": 98, "column": 7 },
          "end": { "line": 132, "column": 1 }
        },
        "line": 98
      }
    },
    "f": { "0": 15, "1": 15, "2": 0, "3": 28, "4": 10, "5": 5 }
  },
  "C:\\Users\\Christian\\Documents\\Studium\\ProgrammierProjekt\\Programmierprojekt\\src\\services\\seriesStore.ts": {
    "path": "C:\\Users\\Christian\\Documents\\Studium\\ProgrammierProjekt\\Programmierprojekt\\src\\services\\seriesStore.ts",
    "all": true,
    "statementMap": {
      "0": {
        "start": { "line": 1, "column": 0 },
        "end": { "line": 1, "column": 31 }
      },
      "4": {
        "start": { "line": 5, "column": 0 },
        "end": { "line": 5, "column": 55 }
      },
      "5": {
        "start": { "line": 6, "column": 0 },
        "end": { "line": 6, "column": 78 }
      },
      "6": {
        "start": { "line": 7, "column": 0 },
        "end": { "line": 7, "column": 3 }
      },
      "8": {
        "start": { "line": 9, "column": 0 },
        "end": { "line": 9, "column": 34 }
      },
      "9": {
        "start": { "line": 10, "column": 0 },
        "end": { "line": 10, "column": 15 }
      },
      "10": {
        "start": { "line": 11, "column": 0 },
        "end": { "line": 11, "column": 1 }
      },
      "12": {
        "start": { "line": 13, "column": 0 },
        "end": { "line": 13, "column": 72 }
      },
      "13": {
        "start": { "line": 14, "column": 0 },
        "end": { "line": 14, "column": 66 }
      },
      "14": {
        "start": { "line": 15, "column": 0 },
        "end": { "line": 15, "column": 1 }
      },
      "16": {
        "start": { "line": 17, "column": 0 },
        "end": { "line": 17, "column": 64 }
      },
      "17": {
        "start": { "line": 18, "column": 0 },
        "end": { "line": 18, "column": 45 }
      },
      "18": {
        "start": { "line": 19, "column": 0 },
        "end": { "line": 19, "column": 1 }
      },
      "20": {
        "start": { "line": 21, "column": 0 },
        "end": { "line": 21, "column": 36 }
      },
      "21": {
        "start": { "line": 22, "column": 0 },
        "end": { "line": 22, "column": 62 }
      },
      "22": {
        "start": { "line": 23, "column": 0 },
        "end": { "line": 23, "column": 18 }
      },
      "23": {
        "start": { "line": 24, "column": 0 },
        "end": { "line": 24, "column": 17 }
      },
      "24": {
        "start": { "line": 25, "column": 0 },
        "end": { "line": 25, "column": 21 }
      },
      "25": {
        "start": { "line": 26, "column": 0 },
        "end": { "line": 26, "column": 21 }
      },
      "26": {
        "start": { "line": 27, "column": 0 },
        "end": { "line": 27, "column": 18 }
      },
      "27": {
        "start": { "line": 28, "column": 0 },
        "end": { "line": 28, "column": 4 }
      },
      "28": {
        "start": { "line": 29, "column": 0 },
        "end": { "line": 29, "column": 1 }
      }
    },
    "s": {
      "0": 0,
      "4": 0,
      "5": 0,
      "6": 0,
      "8": 0,
      "9": 0,
      "10": 0,
      "12": 0,
      "13": 0,
      "14": 0,
      "16": 0,
      "17": 0,
      "18": 0,
      "20": 0,
      "21": 0,
      "22": 0,
      "23": 0,
      "24": 0,
      "25": 0,
      "26": 0,
      "27": 0,
      "28": 0
    },
    "branchMap": {
      "0": {
        "type": "branch",
        "line": 1,
        "loc": {
          "start": { "line": 1, "column": 823 },
          "end": { "line": 29, "column": 1 }
        },
        "locations": [
          {
            "start": { "line": 1, "column": 823 },
            "end": { "line": 29, "column": 1 }
          }
        ]
      }
    },
    "b": { "0": [0] },
    "fnMap": {
      "0": {
        "name": "(empty-report)",
        "decl": {
          "start": { "line": 1, "column": 823 },
          "end": { "line": 29, "column": 1 }
        },
        "loc": {
          "start": { "line": 1, "column": 823 },
          "end": { "line": 29, "column": 1 }
        },
        "line": 1
      }
    },
    "f": { "0": 0 }
  },
  "C:\\Users\\Christian\\Documents\\Studium\\ProgrammierProjekt\\Programmierprojekt\\src\\utils\\generateProbabilities.ts": {
    "path": "C:\\Users\\Christian\\Documents\\Studium\\ProgrammierProjekt\\Programmierprojekt\\src\\utils\\generateProbabilities.ts",
    "all": false,
    "statementMap": {
      "18": {
        "start": { "line": 19, "column": 0 },
        "end": { "line": 19, "column": 38 }
      },
      "19": {
        "start": { "line": 20, "column": 0 },
        "end": { "line": 20, "column": 12 }
      },
      "20": {
        "start": { "line": 21, "column": 0 },
        "end": { "line": 21, "column": 20 }
      },
      "21": {
        "start": { "line": 22, "column": 0 },
        "end": { "line": 22, "column": 63 }
      },
      "22": {
        "start": { "line": 23, "column": 0 },
        "end": { "line": 23, "column": 13 }
      },
      "24": {
        "start": { "line": 25, "column": 0 },
        "end": { "line": 25, "column": 30 }
      },
      "25": {
        "start": { "line": 26, "column": 0 },
        "end": { "line": 26, "column": 29 }
      },
      "26": {
        "start": { "line": 27, "column": 0 },
        "end": { "line": 27, "column": 25 }
      },
      "27": {
        "start": { "line": 28, "column": 0 },
        "end": { "line": 28, "column": 42 }
      },
      "30": {
        "start": { "line": 31, "column": 0 },
        "end": { "line": 31, "column": 47 }
      },
      "31": {
        "start": { "line": 32, "column": 0 },
        "end": { "line": 32, "column": 35 }
      },
      "32": {
        "start": { "line": 33, "column": 0 },
        "end": { "line": 33, "column": 34 }
      },
      "33": {
        "start": { "line": 34, "column": 0 },
        "end": { "line": 34, "column": 5 }
      },
      "35": {
        "start": { "line": 36, "column": 0 },
        "end": { "line": 36, "column": 40 }
      },
      "36": {
        "start": { "line": 37, "column": 0 },
        "end": { "line": 37, "column": 75 }
      },
      "37": {
        "start": { "line": 38, "column": 0 },
        "end": { "line": 38, "column": 31 }
      },
      "38": {
        "start": { "line": 39, "column": 0 },
        "end": { "line": 39, "column": 9 }
      },
      "39": {
        "start": { "line": 40, "column": 0 },
        "end": { "line": 40, "column": 55 }
      },
      "40": {
        "start": { "line": 41, "column": 0 },
        "end": { "line": 41, "column": 4 }
      },
      "41": {
        "start": { "line": 42, "column": 0 },
        "end": { "line": 42, "column": 48 }
      },
      "43": {
        "start": { "line": 44, "column": 0 },
        "end": { "line": 44, "column": 40 }
      },
      "44": {
        "start": { "line": 45, "column": 0 },
        "end": { "line": 45, "column": 32 }
      },
      "45": {
        "start": { "line": 46, "column": 0 },
        "end": { "line": 46, "column": 57 }
      },
      "46": {
        "start": { "line": 47, "column": 0 },
        "end": { "line": 47, "column": 55 }
      },
      "47": {
        "start": { "line": 48, "column": 0 },
        "end": { "line": 48, "column": 3 }
      },
      "49": {
        "start": { "line": 50, "column": 0 },
        "end": { "line": 50, "column": 59 }
      },
      "50": {
        "start": { "line": 51, "column": 0 },
        "end": { "line": 51, "column": 1 }
      }
    },
    "s": {
      "18": 1,
      "19": 10,
      "20": 10,
      "21": 10,
      "22": 10,
      "24": 10,
      "25": 10,
      "26": 10,
      "27": 10,
      "30": 10,
      "31": 48,
      "32": 48,
      "33": 10,
      "35": 10,
      "36": 10,
      "37": 10,
      "38": 10,
      "39": 10,
      "40": 10,
      "41": 10,
      "43": 10,
      "44": 48,
      "45": 38,
      "46": 38,
      "47": 38,
      "49": 10,
      "50": 10
    },
    "branchMap": {
      "0": {
        "type": "branch",
        "line": 19,
        "loc": {
          "start": { "line": 19, "column": 7 },
          "end": { "line": 51, "column": 1 }
        },
        "locations": [
          {
            "start": { "line": 19, "column": 7 },
            "end": { "line": 51, "column": 1 }
          }
        ]
      },
      "1": {
        "type": "branch",
        "line": 25,
        "loc": {
          "start": { "line": 25, "column": 18 },
          "end": { "line": 25, "column": 30 }
        },
        "locations": [
          {
            "start": { "line": 25, "column": 18 },
            "end": { "line": 25, "column": 30 }
          }
        ]
      },
      "2": {
        "type": "branch",
        "line": 26,
        "loc": {
          "start": { "line": 26, "column": 18 },
          "end": { "line": 26, "column": 29 }
        },
        "locations": [
          {
            "start": { "line": 26, "column": 18 },
            "end": { "line": 26, "column": 29 }
          }
        ]
      },
      "3": {
        "type": "branch",
        "line": 28,
        "loc": {
          "start": { "line": 28, "column": 24 },
          "end": { "line": 28, "column": 42 }
        },
        "locations": [
          {
            "start": { "line": 28, "column": 24 },
            "end": { "line": 28, "column": 42 }
          }
        ]
      },
      "4": {
        "type": "branch",
        "line": 44,
        "loc": {
          "start": { "line": 44, "column": 39 },
          "end": { "line": 48, "column": 3 }
        },
        "locations": [
          {
            "start": { "line": 44, "column": 39 },
            "end": { "line": 48, "column": 3 }
          }
        ]
      },
      "5": {
        "type": "branch",
        "line": 45,
        "loc": {
          "start": { "line": 45, "column": 23 },
          "end": { "line": 45, "column": 32 }
        },
        "locations": [
          {
            "start": { "line": 45, "column": 23 },
            "end": { "line": 45, "column": 32 }
          }
        ]
      },
      "6": {
        "type": "branch",
        "line": 45,
        "loc": {
          "start": { "line": 45, "column": 23 },
          "end": { "line": 48, "column": 3 }
        },
        "locations": [
          {
            "start": { "line": 45, "column": 23 },
            "end": { "line": 48, "column": 3 }
          }
        ]
      },
      "7": {
        "type": "branch",
        "line": 31,
        "loc": {
          "start": { "line": 31, "column": 40 },
          "end": { "line": 34, "column": 3 }
        },
        "locations": [
          {
            "start": { "line": 31, "column": 40 },
            "end": { "line": 34, "column": 3 }
          }
        ]
      },
      "8": {
        "type": "branch",
        "line": 37,
        "loc": {
          "start": { "line": 37, "column": 42 },
          "end": { "line": 37, "column": 69 }
        },
        "locations": [
          {
            "start": { "line": 37, "column": 42 },
            "end": { "line": 37, "column": 69 }
          }
        ]
      },
      "9": {
        "type": "branch",
        "line": 50,
        "loc": {
          "start": { "line": 50, "column": 17 },
          "end": { "line": 50, "column": 57 }
        },
        "locations": [
          {
            "start": { "line": 50, "column": 17 },
            "end": { "line": 50, "column": 57 }
          }
        ]
      }
    },
    "b": {
      "0": [10],
      "1": [8],
      "2": [8],
      "3": [8],
      "4": [48],
      "5": [10],
      "6": [38],
      "7": [48],
      "8": [48],
      "9": [48]
    },
    "fnMap": {
      "0": {
        "name": "generateProbabilities",
        "decl": {
          "start": { "line": 19, "column": 7 },
          "end": { "line": 51, "column": 1 }
        },
        "loc": {
          "start": { "line": 19, "column": 7 },
          "end": { "line": 51, "column": 1 }
        },
        "line": 19
      }
    },
    "f": { "0": 10 }
  },
  "C:\\Users\\Christian\\Documents\\Studium\\ProgrammierProjekt\\Programmierprojekt\\src\\utils\\randBernoulli.ts": {
    "path": "C:\\Users\\Christian\\Documents\\Studium\\ProgrammierProjekt\\Programmierprojekt\\src\\utils\\randBernoulli.ts",
    "all": false,
    "statementMap": {
      "7": {
        "start": { "line": 8, "column": 0 },
        "end": { "line": 8, "column": 68 }
      },
      "8": {
        "start": { "line": 9, "column": 0 },
        "end": { "line": 9, "column": 27 }
      },
      "9": {
        "start": { "line": 10, "column": 0 },
        "end": { "line": 10, "column": 1 }
      }
    },
    "s": { "7": 1, "8": 107, "9": 107 },
    "branchMap": {
      "0": {
        "type": "branch",
        "line": 8,
        "loc": {
          "start": { "line": 8, "column": 7 },
          "end": { "line": 10, "column": 1 }
        },
        "locations": [
          {
            "start": { "line": 8, "column": 7 },
            "end": { "line": 10, "column": 1 }
          }
        ]
      },
      "1": {
        "type": "branch",
        "line": 9,
        "loc": {
          "start": { "line": 9, "column": 17 },
          "end": { "line": 9, "column": 25 }
        },
        "locations": [
          {
            "start": { "line": 9, "column": 17 },
            "end": { "line": 9, "column": 25 }
          }
        ]
      },
      "2": {
        "type": "branch",
        "line": 9,
        "loc": {
          "start": { "line": 9, "column": 21 },
          "end": { "line": 9, "column": 27 }
        },
        "locations": [
          {
            "start": { "line": 9, "column": 21 },
            "end": { "line": 9, "column": 27 }
          }
        ]
      }
    },
    "b": { "0": [107], "1": [83], "2": [24] },
    "fnMap": {
      "0": {
        "name": "randBernoulli",
        "decl": {
          "start": { "line": 8, "column": 7 },
          "end": { "line": 10, "column": 1 }
        },
        "loc": {
          "start": { "line": 8, "column": 7 },
          "end": { "line": 10, "column": 1 }
        },
        "line": 8
      }
    },
    "f": { "0": 107 }
  },
  "C:\\Users\\Christian\\Documents\\Studium\\ProgrammierProjekt\\Programmierprojekt\\src\\utils\\randGaussianDist.ts": {
    "path": "C:\\Users\\Christian\\Documents\\Studium\\ProgrammierProjekt\\Programmierprojekt\\src\\utils\\randGaussianDist.ts",
    "all": false,
    "statementMap": {
      "1": {
        "start": { "line": 2, "column": 0 },
        "end": { "line": 2, "column": 33 }
      },
      "2": {
        "start": { "line": 3, "column": 0 },
        "end": { "line": 3, "column": 20 }
      },
      "3": {
        "start": { "line": 4, "column": 0 },
        "end": { "line": 4, "column": 184 }
      },
      "4": {
        "start": { "line": 5, "column": 0 },
        "end": { "line": 5, "column": 27 }
      },
      "5": {
        "start": { "line": 6, "column": 0 },
        "end": { "line": 6, "column": 40 }
      },
      "6": {
        "start": { "line": 7, "column": 0 },
        "end": { "line": 7, "column": 3 }
      },
      "7": {
        "start": { "line": 8, "column": 0 },
        "end": { "line": 8, "column": 132 }
      },
      "8": {
        "start": { "line": 9, "column": 0 },
        "end": { "line": 9, "column": 27 }
      },
      "9": {
        "start": { "line": 10, "column": 0 },
        "end": { "line": 10, "column": 13 }
      },
      "11": {
        "start": { "line": 12, "column": 0 },
        "end": { "line": 12, "column": 172 }
      },
      "12": {
        "start": { "line": 13, "column": 0 },
        "end": { "line": 13, "column": 99 }
      },
      "13": {
        "start": { "line": 14, "column": 0 },
        "end": { "line": 14, "column": 37 }
      },
      "14": {
        "start": { "line": 15, "column": 0 },
        "end": { "line": 15, "column": 1 }
      }
    },
    "s": {
      "1": 1,
      "2": 17,
      "3": 17,
      "4": 17,
      "5": 17,
      "6": 17,
      "7": 17,
      "8": 17,
      "9": 17,
      "11": 17,
      "12": 17,
      "13": 17,
      "14": 17
    },
    "branchMap": {
      "0": {
        "type": "branch",
        "line": 2,
        "loc": {
          "start": { "line": 2, "column": 7 },
          "end": { "line": 15, "column": 1 }
        },
        "locations": [
          {
            "start": { "line": 2, "column": 7 },
            "end": { "line": 15, "column": 1 }
          }
        ]
      }
    },
    "b": { "0": [17] },
    "fnMap": {
      "0": {
        "name": "randGaussianDist",
        "decl": {
          "start": { "line": 2, "column": 7 },
          "end": { "line": 15, "column": 1 }
        },
        "loc": {
          "start": { "line": 2, "column": 7 },
          "end": { "line": 15, "column": 1 }
        },
        "line": 2
      }
    },
    "f": { "0": 17 }
  },
  "C:\\Users\\Christian\\Documents\\Studium\\ProgrammierProjekt\\Programmierprojekt\\src\\utils\\randNormal.ts": {
    "path": "C:\\Users\\Christian\\Documents\\Studium\\ProgrammierProjekt\\Programmierprojekt\\src\\utils\\randNormal.ts",
    "all": false,
    "statementMap": {
      "2": {
        "start": { "line": 3, "column": 0 },
        "end": { "line": 3, "column": 27 }
      },
      "3": {
        "start": { "line": 4, "column": 0 },
        "end": { "line": 4, "column": 20 }
      },
      "4": {
        "start": { "line": 5, "column": 0 },
        "end": { "line": 5, "column": 19 }
      },
      "5": {
        "start": { "line": 6, "column": 0 },
        "end": { "line": 6, "column": 21 }
      },
      "6": {
        "start": { "line": 7, "column": 0 },
        "end": { "line": 7, "column": 11 }
      },
      "7": {
        "start": { "line": 8, "column": 0 },
        "end": { "line": 8, "column": 13 }
      },
      "8": {
        "start": { "line": 9, "column": 0 },
        "end": { "line": 9, "column": 11 }
      },
      "11": {
        "start": { "line": 12, "column": 0 },
        "end": { "line": 12, "column": 57 }
      },
      "12": {
        "start": { "line": 13, "column": 0 },
        "end": { "line": 13, "column": 39 }
      },
      "15": {
        "start": { "line": 16, "column": 0 },
        "end": { "line": 16, "column": 199 }
      },
      "18": {
        "start": { "line": 19, "column": 0 },
        "end": { "line": 19, "column": 197 }
      },
      "19": {
        "start": { "line": 20, "column": 0 },
        "end": { "line": 20, "column": 1 }
      }
    },
    "s": {
      "2": 1,
      "3": 1018,
      "4": 1018,
      "5": 1018,
      "6": 1018,
      "7": 1018,
      "8": 1018,
      "11": 1018,
      "12": 1018,
      "15": 1018,
      "18": 1018,
      "19": 1018
    },
    "branchMap": {
      "0": {
        "type": "branch",
        "line": 3,
        "loc": {
          "start": { "line": 3, "column": 7 },
          "end": { "line": 20, "column": 1 }
        },
        "locations": [
          {
            "start": { "line": 3, "column": 7 },
            "end": { "line": 20, "column": 1 }
          }
        ]
      },
      "1": {
        "type": "branch",
        "line": 12,
        "loc": {
          "start": { "line": 12, "column": 19 },
          "end": { "line": 12, "column": 57 }
        },
        "locations": [
          {
            "start": { "line": 12, "column": 19 },
            "end": { "line": 12, "column": 57 }
          }
        ]
      }
    },
    "b": { "0": [1018], "1": [1019] },
    "fnMap": {
      "0": {
        "name": "randNormal",
        "decl": {
          "start": { "line": 3, "column": 7 },
          "end": { "line": 20, "column": 1 }
        },
        "loc": {
          "start": { "line": 3, "column": 7 },
          "end": { "line": 20, "column": 1 }
        },
        "line": 3
      }
    },
    "f": { "0": 1018 }
  }
}
